No configuration for route "/verifyaccount/:token" found. SkippingNo configuration for route "/forgot_password/:token" found. SkippingNo configuration for route "/event/:id" found. SkippingNo configuration for route "/channel/:id" found. SkippingNo configuration for route "/event/update/:id" found. SkippingNo configuration for route "/event/create/:id" found. Skipping






----------------------------------
Using stored unhandled routes!.
   To discover new routes in the angular app use "npm run scully -- --scanRoutes"
----------------------------------No configuration for route "/verifyaccount/:token" found. SkippingNo configuration for route "/forgot_password/:token" found. SkippingNo configuration for route "/event/create/:id" found. SkippingNo configuration for route "/channel/:id" found. SkippingNo configuration for route "/event/:id" found. SkippingNo configuration for route "/event/update/:id" found. Skipping






No configuration for route "/verifyaccount/:token" found. SkippingNo configuration for route "/forgot_password/:token" found. SkippingNo configuration for route "/event/create/:id" found. SkippingNo configuration for route "/event/:id" found. SkippingNo configuration for route "/channel/:id" found. SkippingNo configuration for route "/event/update/:id" found. Skipping





No configuration for route "/verifyaccount/:token" found. SkippingNo configuration for route "/forgot_password/:token" found. SkippingNo configuration for route "/event/create/:id" found. SkippingNo configuration for route "/channel/:id" found. SkippingNo configuration for route "/event/:id" found. SkippingNo configuration for route "/event/update/:id" found. Skipping






----------------------------------
Using stored unhandled routes!.
   To discover new routes in the angular app use "npm run scully -- --scanRoutes"
----------------------------------No configuration for route "/verifyaccount/:token" found. SkippingNo configuration for route "/channel/:id" found. SkippingNo configuration for route "/forgot_password/:token" found. SkippingNo configuration for route "/event/:id" found. SkippingNo configuration for route "/event/update/:id" found. SkippingNo configuration for route "/event/create/:id" found. Skipping







----------------------------------
Using stored unhandled routes!.
   To discover new routes in the angular app use "npm run scully -- --scanRoutes"
----------------------------------No configuration for route "/forgot_password/:token" found. SkippingNo configuration for route "/event/create/:id" found. SkippingNo configuration for route "/channel/:id" found. SkippingNo configuration for route "/event/update/:id" found. SkippingNo configuration for route "/verifyaccount/:token" found. SkippingNo configuration for route "/event/:id" found. Skipping






No routes defined in ""
No routes defined in ""
No configuration for route "/verifyaccount/:token" found. SkippingNo configuration for route "/forgot_password/:token" found. SkippingNo configuration for route "/channel/:id" found. SkippingNo configuration for route "/event/create/:id" found. SkippingNo configuration for route "/event/:id" found. SkippingNo configuration for route "/event/update/:id" found. Skipping





No routes defined in ""
No routes defined in ""No configuration for route "/verifyaccount/:token" found. SkippingNo configuration for route "/forgot_password/:token" found. SkippingNo configuration for route "/channel/:id" found. SkippingNo configuration for route "/event/create/:id" found. SkippingNo configuration for route "/event/:id" found. SkippingNo configuration for route "/event/update/:id" found. Skipping





No configuration for route "/verifyaccount/:token" found. SkippingNo configuration for route "/forgot_password/:token" found. Skipping

Could not fetch data for route "/channel/:id"No configuration for route "/event/create/:id" found. SkippingNo configuration for route "/event/:id" found. SkippingNo configuration for route "/event/update/:id" found. Skipping



No configuration for route "/verifyaccount/:token" found. SkippingNo configuration for route "/forgot_password/:token" found. Skipping

Could not fetch data for route "/channel/:id"No configuration for route "/event/create/:id" found. SkippingNo configuration for route "/event/:id" found. SkippingNo configuration for route "/event/update/:id" found. Skipping



No configuration for route "/verifyaccount/:token" found. SkippingNo configuration for route "/forgot_password/:token" found. Skipping

Could not fetch data for route "/channel/:id"No configuration for route "/event/create/:id" found. SkippingNo configuration for route "/event/:id" found. SkippingNo configuration for route "/event/update/:id" found. Skipping



No configuration for route "/verifyaccount/:token" found. SkippingNo configuration for route "/forgot_password/:token" found. Skipping

Could not fetch data for route "/channel/:id"No configuration for route "/event/create/:id" found. SkippingNo configuration for route "/event/:id" found. SkippingNo configuration for route "/event/update/:id" found. Skipping



No configuration for route "/verifyaccount/:token" found. SkippingNo configuration for route "/forgot_password/:token" found. Skipping

Could not fetch data for route "/channel/:id"No configuration for route "/event/create/:id" found. SkippingNo configuration for route "/event/:id" found. SkippingNo configuration for route "/event/update/:id" found. Skipping




----------------------------------
Using stored unhandled routes!.
   To discover new routes in the angular app use "npm run scully -- --scanRoutes"
----------------------------------Could not fetch data for route "/channel/:id"No configuration for route "/verifyaccount/:token" found. SkippingNo configuration for route "/forgot_password/:token" found. SkippingNo configuration for route "/event/:id" found. SkippingNo configuration for route "/event/create/:id" found. SkippingNo configuration for route "/event/update/:id" found. Skipping







----------------------------------
Using stored unhandled routes!.
   To discover new routes in the angular app use "npm run scully -- --scanRoutes"
----------------------------------No configuration for route "/verifyaccount/:token" found. SkippingNo configuration for route "/event/create/:id" found. SkippingNo configuration for route "/forgot_password/:token" found. SkippingNo configuration for route "/event/update/:id" found. SkippingCould not fetch data for route "/channel/:id"No configuration for route "/event/:id" found. Skipping







----------------------------------
Using stored unhandled routes!.
   To discover new routes in the angular app use "npm run scully -- --scanRoutes"
----------------------------------No configuration for route "/forgot_password/:token" found. SkippingNo configuration for route "/verifyaccount/:token" found. Skipping


Could not fetch data for route "/channel/:id"No configuration for route "/event/create/:id" found. SkippingNo configuration for route "/event/:id" found. SkippingNo configuration for route "/event/update/:id" found. Skipping




----------------------------------
Using stored unhandled routes!.
   To discover new routes in the angular app use "npm run scully -- --scanRoutes"
----------------------------------No configuration for route "/verifyaccount/:token" found. SkippingNo configuration for route "/forgot_password/:token" found. Skipping


Could not fetch data for route "/channel/:id"No configuration for route "/event/create/:id" found. SkippingNo configuration for route "/event/:id" found. SkippingNo configuration for route "/event/update/:id" found. Skipping




----------------------------------
Using stored unhandled routes!.
   To discover new routes in the angular app use "npm run scully -- --scanRoutes"
----------------------------------No configuration for route "/verifyaccount/:token" found. SkippingNo configuration for route "/forgot_password/:token" found. Skipping


Could not fetch data for route "/channel/:id"No configuration for route "/event/create/:id" found. SkippingNo configuration for route "/event/:id" found. SkippingNo configuration for route "/event/update/:id" found. Skipping




----------------------------------
Using stored unhandled routes!.
   To discover new routes in the angular app use "npm run scully -- --scanRoutes"
----------------------------------No configuration for route "/verifyaccount/:token" found. SkippingNo configuration for route "/forgot_password/:token" found. Skipping


Could not fetch data for route "/channel/:id"No configuration for route "/event/create/:id" found. SkippingNo configuration for route "/event/:id" found. SkippingNo configuration for route "/event/update/:id" found. Skipping




----------------------------------
Using stored unhandled routes!.
   To discover new routes in the angular app use "npm run scully -- --scanRoutes"
----------------------------------No configuration for route "/verifyaccount/:token" found. SkippingNo configuration for route "/forgot_password/:token" found. Skipping


Could not fetch data for route "/channel/:id"No configuration for route "/event/create/:id" found. SkippingNo configuration for route "/event/update/:id" found. SkippingNo configuration for route "/event/:id" found. Skipping




----------------------------------
Using stored unhandled routes!.
   To discover new routes in the angular app use "npm run scully -- --scanRoutes"
----------------------------------No configuration for route "/verifyaccount/:token" found. SkippingNo configuration for route "/forgot_password/:token" found. SkippingNo configuration for route "/channel/:id" found. SkippingNo configuration for route "/event/create/:id" found. SkippingNo configuration for route "/event/update/:id" found. SkippingNo configuration for route "/event/:id" found. Skipping







----------------------------------
Using stored unhandled routes!.
   To discover new routes in the angular app use "npm run scully -- --scanRoutes"
----------------------------------No configuration for route "/verifyaccount/:token" found. SkippingNo configuration for route "/forgot_password/:token" found. SkippingNo configuration for route "/channel/:id" found. SkippingNo configuration for route "/event/create/:id" found. SkippingNo configuration for route "/event/:id" found. SkippingNo configuration for route "/event/update/:id" found. Skipping






